  matrix.cpp
C:\Users\furno\source\repos\OOP_laba_1\matrix.cpp(11,20): warning C4018: <: несоответствие типов со знаком и без знака
C:\Users\furno\source\repos\OOP_laba_1\matrix.cpp(14,21): warning C4018: <: несоответствие типов со знаком и без знака
C:\Users\furno\source\repos\OOP_laba_1\matrix.cpp(24,20): warning C4018: <: несоответствие типов со знаком и без знака
C:\Users\furno\source\repos\OOP_laba_1\matrix.cpp(27,21): warning C4018: <: несоответствие типов со знаком и без знака
C:\Users\furno\source\repos\OOP_laba_1\matrix.cpp(37,20): warning C4018: <: несоответствие типов со знаком и без знака
C:\Users\furno\source\repos\OOP_laba_1\matrix.cpp(40,21): warning C4018: <: несоответствие типов со знаком и без знака
C:\Users\furno\source\repos\OOP_laba_1\matrix.cpp(50,20): warning C4018: <: несоответствие типов со знаком и без знака
C:\Users\furno\source\repos\OOP_laba_1\matrix.cpp(53,21): warning C4018: <: несоответствие типов со знаком и без знака
C:\Users\furno\source\repos\OOP_laba_1\matrix.cpp(64,20): warning C4018: <: несоответствие типов со знаком и без знака
C:\Users\furno\source\repos\OOP_laba_1\matrix.cpp(66,21): warning C4018: <: несоответствие типов со знаком и без знака
C:\Users\furno\source\repos\OOP_laba_1\matrix.cpp(82,20): warning C4018: <: несоответствие типов со знаком и без знака
C:\Users\furno\source\repos\OOP_laba_1\matrix.cpp(84,21): warning C4018: <: несоответствие типов со знаком и без знака
C:\Users\furno\source\repos\OOP_laba_1\matrix.cpp(100,20): warning C4018: <: несоответствие типов со знаком и без знака
C:\Users\furno\source\repos\OOP_laba_1\matrix.cpp(102,21): warning C4018: <: несоответствие типов со знаком и без знака
C:\Users\furno\source\repos\OOP_laba_1\matrix.cpp(118,20): warning C4018: <: несоответствие типов со знаком и без знака
C:\Users\furno\source\repos\OOP_laba_1\matrix.cpp(120,21): warning C4018: <: несоответствие типов со знаком и без знака
C:\Users\furno\source\repos\OOP_laba_1\matrix.cpp(136,20): warning C4018: <: несоответствие типов со знаком и без знака
C:\Users\furno\source\repos\OOP_laba_1\matrix.cpp(138,21): warning C4018: <: несоответствие типов со знаком и без знака
C:\Users\furno\source\repos\OOP_laba_1\matrix.cpp(154,20): warning C4018: <: несоответствие типов со знаком и без знака
C:\Users\furno\source\repos\OOP_laba_1\matrix.cpp(156,21): warning C4018: <: несоответствие типов со знаком и без знака
C:\Users\furno\source\repos\OOP_laba_1\matrix.cpp(158,22): warning C4018: <: несоответствие типов со знаком и без знака
C:\Users\furno\source\repos\OOP_laba_1\matrix.cpp(170,20): warning C4018: <: несоответствие типов со знаком и без знака
C:\Users\furno\source\repos\OOP_laba_1\matrix.cpp(172,21): warning C4018: <: несоответствие типов со знаком и без знака
C:\Users\furno\source\repos\OOP_laba_1\matrix.cpp(290,62): warning C4244: +=: преобразование "double" в "int", возможна потеря данных
C:\Users\furno\source\repos\OOP_laba_1\matrix.cpp(300,20): warning C4018: <: несоответствие типов со знаком и без знака
C:\Users\furno\source\repos\OOP_laba_1\matrix.cpp(302,21): warning C4018: <: несоответствие типов со знаком и без знака
C:\Users\furno\source\repos\OOP_laba_1\matrix.cpp(322,20): warning C4018: <: несоответствие типов со знаком и без знака
C:\Users\furno\source\repos\OOP_laba_1\matrix.cpp(324,21): warning C4018: <: несоответствие типов со знаком и без знака
C:\Users\furno\source\repos\OOP_laba_1\matrix.cpp(344,20): warning C4018: <: несоответствие типов со знаком и без знака
C:\Users\furno\source\repos\OOP_laba_1\matrix.cpp(346,21): warning C4018: <: несоответствие типов со знаком и без знака
C:\Users\furno\source\repos\OOP_laba_1\matrix.cpp(358,20): warning C4018: <: несоответствие типов со знаком и без знака
C:\Users\furno\source\repos\OOP_laba_1\matrix.cpp(360,21): warning C4018: <: несоответствие типов со знаком и без знака
C:\Users\furno\source\repos\OOP_laba_1\matrix.cpp(376,20): warning C4018: <: несоответствие типов со знаком и без знака
C:\Users\furno\source\repos\OOP_laba_1\matrix.cpp(379,21): warning C4018: <: несоответствие типов со знаком и без знака
  really.cpp
  Создание кода...
  really.vcxproj -> C:\Users\furno\source\repos\OOP_laba_1\Debug\really.exe
